[  00000 Itializig rop bs cpuse
  0.000000]Initialzing cgrou sbsy c
    .000] Initilizin croup susycpuact[    0000] Luxersion4.0-4-nec (build@l0156 (ccversion .4 2160609 (Uun 5.40-butu~1044) )#8Ubnt S Mn eb 20 110:30 UC 17(Ubuntu 44.0-6.8-gneric .44)
[  000000] ommandlie: BOT_AG=/boovmnuz-4.4.-6geericrot=BEL=cldi-rootf rconsletyconnsole=ty
[   0.000]KEELupported pu:
[  00000  ntelenneIntel[   .0000]   AMD AuthentiAM
[   0.0000]  CentauCeaurHls
[   00000] x8/f: xste_fset2] 56, xstate_size[2  256[   0.000]x86/fu:uporinXSVEfeur 0x1:x8 floangoint giers'
[   0.0000] x86fp SpporinXSAVE featue 0x02: 'SE registers'
  0.0000]x86/fpuSuorting XSAVE ftu 0x04'AX egites'
[   0.0000] x6/u:Enabl xate fetus x7, cte sizes 2 byt, ing stdad' frm.
[  .00000x8fpu: Usnglay'FP ctext itches.
[   0.00000] e82: BIOSrovied hycal AMap
[    00000] IO-e820:[mem 0x0000000000-x000000000fbf] usabl
[   0.000] IO-e0:[mem0x000000009000x00000009ffffrerved   0.000] IOS-e82 [em 00000000000-0x00000000000fffff] reserved
[    0.000000] BIOS-e820: [mem 0x0000000000100000-0x000000003ffeffff] usable
[    0.000000] BIOS-e820: [mem 0x000000003fff0000-0x00000003fffffff AI dat
[  0.0000 BIOS-e8: em 0x00000fff000x00000000fffffrerved
  0.00000]X Excu Dsabl) otcti: tive
[   0000] BIS 2. pset.
[    0.000] Hersor teed: KVM
[    0.00000] e20 lst_pfn  03ff0 max_arch_pfn = 0x400000000
[    0.000000] MTRR: isbld
[   0000] 86PA: MTRsisaled,skpig ATniializatn o.
[    0.00000 x/PAT: nfguatio [7] WB WT U UC  WBWTUC- U [   0.000] CP MRsall la -virtuiz system.[    0.00000]ound SMPP-ablat[mm x09ff00x09fff] mappd  [ffff80009ff0][  0.00000]caning  aasfor lo mor corupon
[    0000] RDI: [mem 036400-0x75ff]
    0.000000] ACPI: Early table checksumveficaiodiabled
[   0.0000] CPI RS 0x0000000E0000024 (v0 VX  )   0.0000] CPI: DTx00000003F030 0000 (01 VB  BOXXSD 00001 AL 000061)[   0.00000] PI: AC0x000003F00F00F4 (04VBOX   VBOXFACP00001 ASL  00061)
[    0.00000 ACPI: DST x0000000FF0470018 (v01VB   VBOXBIS 00002 INTL 21028)
[   0000 AI: FAS 0000003F000 004
[    0.0000] CPI: FS x00000FFF0000040[    00000 ACPIAP 0x00003FFF00 0005C (v02 VBOX   VBOXAPC 00000001 AS  0006)[   0.00000 API SSDT 0000000FFF02A0 00CC 01BOX   BOPU 00000002 INTL 201052
[   .0000] NoUMconfiraon found
[    0.000000] Faking a nodeatmem 0x0000000000000-0000003fefff][    0.000] NODE_TA() llote[mm 03fb00-0x3ffeff
    0.00000] m-lock Ungmsrs4b641 and 4b54d
    00000] vm-clk: pu 0 msr 0:3ffe3001, prmay u clock
[   000000] kvm-clock using heoffset  30288654yces
[    00000] clocsoce k-cck: mk:xfffffffffffffmacyles:0xd4e4dffb ma_idlens: 815909183s
[  000000] neranges
  0.0000  DMA      me0x00000001000-000000ffff]
[   00000]   DM32   mem 0x000000000000-0x000003ffff]
[   0.0000]  Nma   empy[  00000] Deice   empt
[   000000] Mvae on srtfor acnoe
[   00000]Eay emor ne ange
  0.0000] node 0 [mem 0x0000000001000-0x00000009efff
[   .0000] node    [m 0x00000001000-000000ffffff][   0.00000Intmem setupnode 0 [mem 0x0000000001000-00000000feff][  0.00000 AI: PMim IO Port: 0408
[  000000] IOAP[0 apicid, ersio17address0xc00000,SI0-23
[   000000]AC: NT_SRC_VRbu 0 bus_i 0globalir2 fl l)
[  000000] ACPI: IN_S_OR (bu0 s_irq 9 gbairq hi leve)    0000] UsingAC (MAD f SMP coigratin fomatin    0.000]smpbot:llwing 2 CUs0 otplu Cs
[  .00000 P Regiser nsae moy:mem x0000000x000fff
  0.0000]M: Rested nsave emy: [emx009000x009ff][    0.0000] P: gitered nav memor [em0x0a000-000ffff][   00000 PM:egtered osveemor: em0x000f0000-0x000ffff]
[   00000]82: [me0x0000000xffbfff] aiable f P devce
[   0.000000] Booting paviualid rnel n M
[    0.000] clocsoce refind-ffes: as 0fffffff m_ccles: 0ffffff, axid_ns: 764559621158 
    000000]setuppercpu: NCP:512 n_cumsk_bit:5 n_cpu_ds n_node_ids:1
[    .0000]PEPU Embeed3 pag/c @fff803c00000s964r8192 d87 u0486[   .0000 Pqspilo hshab entris:56(oer0, 409 bte
[   0.00000]Built 1 zoneltsn Nodeorr,mobiity ouing n.Toal pags:5791
[  0.0000 Pliy ne DMA
   0.00000] rnl cma lin: OTIMAG/botvmlinu-4.0-6geric oot=AB=cloudig-otfso nsole=ty1onole=tyS0
[    0.000000] PI hash table entries: 4096 (orer: 3,278 bys)
[   0.000]Memory: 1016K1081K vailae 8452K kne ce,293K da, 39K data,14K ni, 16 bs, 4684reseve 0 cmarervd)
[  000000] SLUB: HWalgn64, Ordr=3,MinObjct0,CPUs=2, Node=1    .000] Hierchal RCU plmentti.
[  000000] Bud-time ajumet of afanouto .
[    0.000000] 	RCU restricting CPUs from NR_CPUS=512 to nr_cpu_ids=2.
[    0.000000] RU:djusti gmetr f ru_faoulef=4,r_pu_ids2
[  0.0000 N_IRQS:302nr_irqs:44 1
[   .00000 Console: olr GA+ 0x2
[   0.00000]onsoe ty] enle
[    00000 conole [yS0] enale
[   0.000000] tsc: Detected 2494.226 MHz processor
[   24.758572] Calibrating delay loop (skipped) preset value.. 4988.45 BogoMIPS (lpj=9976904)
[   24.926573] pid_max: default: 32768 minimum: 301
[   25.006690] ACPI: Core revision 20150930
[   25.081911] ACPI: 2 ACPI AML tables successfully acquired and loaded
[   25.203723] Security Framework initialized
[   25.279855] Yama: becoming mindful.
[   25.340658] AppArmor: AppArmor initialized
[   25.427086] Dentry cache hash table entries: 131072 (order: 8, 1048576 bytes)
[   25.555733] Inode-cache hash table entries: 65536 (order: 7, 524288 bytes)
[   25.703900] Mount-cache hash table entries: 2048 (order: 2, 16384 bytes)
[   25.827492] Mountpoint-cache hash table entries: 2048 (order: 2, 16384 bytes)
[   25.961550] Initializing cgroup subsys io
[   26.043786] Initializing cgroup subsys memory
[   26.116383] Initializing cgroup subsys devices
[   26.203551] Initializing cgroup subsys freezer
[   26.295415] Initializing cgroup subsys net_cls
[   26.375167] Initializing cgroup subsys perf_event
[   26.433190] Initializing cgroup subsys net_prio
[   26.519672] Initializing cgroup subsys hugetlb
[   26.607170] Initializing cgroup subsys pids
[   26.683043] CPU: Physical Processor ID: 0
[   26.748917] CPU: Processor Core ID: 0
[   26.816109] mce: CPU supports 0 MCE banks
[   26.895470] Last level iTLB entries: 4KB 1024, 2MB 1024, 4MB 1024
[   27.013037] Last level dTLB entries: 4KB 1024, 2MB 1024, 4MB 1024, 1GB 4
[   27.080881] Freeing SMP alternatives memory: 32K (ffffffff820b9000 - ffffffff820c1000)
[   27.182861] ftrace: allocating 32123 entries in 126 pages
[   27.224827] smpboot: APIC(0) Converting physical 0 to logical package 0
[   27.347447] smpboot: Max logical packages: 1
[   27.433195] ..TIMER: vector=0x30 apic1=0 pin1=2 apic2=-1 pin2=-1
[   27.651230] smpboot: CPU0: Intel(R) Core(TM) i7-4870HQ CPU @ 2.50GHz (family: 0x6, model: 0x46, stepping: 0x1)
[   27.819067] Performance Events: unsupported p6 CPU model 70 no PMU driver, software events only.
[   27.990102] KVM setup paravirtual spinlock
[   28.081967] x86: Booting SMP configuration:
[   28.164175] .... node  #0, CPUs:      #1
[   88.251969] kvm-clock: cpu 1, msr 0:3ffe3041, secondary cpu clock
[   28.398773] mce: CPU supports 0 MCE banks
[   28.513645] x86: Booted up 1 node, 2 CPUs
[   28.546162] smpboot: Total of 2 processors activated (9976.90 BogoMIPS)
[   28.592248] devtmpfs: initialized
[   28.635499] evm: security.selinux
[   28.685210] evm: security.SMACK64
[   28.727203] evm: security.SMACK64EXEC
[   28.794839] evm: security.SMACK64TRANSMUTE
[   28.876244] evm: security.SMACK64MMAP
[   28.933443] evm: security.ima
[   28.978748] evm: security.capability
[   29.042583] clocksource: jiffies: mask: 0xffffffff max_cycles: 0xffffffff, max_idle_ns: 7645041785100000 ns
[   29.155637] pinctrl core: initialized pinctrl subsystem
[   29.241091] RTC time:  4:04:59, date: 03/14/17
[   29.305851] NET: Registered protocol family 16
[   29.405245] cpuidle: using governor ladder
[   29.481525] cpuidle: using governor menu
[   29.541902] PCCT header not found.
[   29.601322] ACPI: bus type PCI registered
[   29.640448] acpiphp: ACPI Hot Plug PCI Controller Driver version: 0.5
[   29.664115] PCI: Using configuration type 1 for base access
[   29.779305] ACPI: Added _OSI(Module Device)
[   29.847683] ACPI: Added _OSI(Processor Device)
[   29.926302] ACPI: Added _OSI(3.0 _SCP Extensions)
[   29.999660] ACPI: Added _OSI(Processor Aggregator Device)
[   30.102582] ACPI: Executed 1 blocks of module-level executable AML code
[   30.214336] ACPI: Interpreter enabled
[   30.273553] ACPI: (supports S0 S5)
[   30.328715] ACPI: Using IOAPIC for interrupt routing
[   30.354888] PCI: Using host bridge windows from ACPI; if necessary, use "pci=nocrs" and report a bug
[   30.516934] ACPI: PCI Root Bridge [PCI0] (domain 0000 [bus 00-ff])
[   30.637708] acpi PNP0A03:00: _OSC: OS supports [ASPM ClockPM Segments MSI]
[   30.720191] acpi PNP0A03:00: _OSC failed (AE_NOT_FOUND); disabling ASPM
[   30.778841] acpi PNP0A03:00: fail to add MMCONFIG information, can't access extended PCI configuration space under this bridge.
[   30.977015] PCI host bridge to bus 0000:00
[   31.049603] pci_bus 0000:00: root bus resource [io  0x0000-0x0cf7 window]
[   31.163681] pci_bus 0000:00: root bus resource [io  0x0d00-0xffff window]
[   31.271940] pci_bus 0000:00: root bus resource [mem 0x000a0000-0x000bffff window]
[   31.406580] pci_bus 0000:00: root bus resource [mem 0x40000000-0xffdfffff window]
[   31.544997] pci_bus 0000:00: root bus resource [bus 00-ff]
[   31.646473] pci 0000:00:01.1: legacy IDE quirk: reg 0x10: [io  0x01f0-0x01f7]
[   31.764071] pci 0000:00:01.1: legacy IDE quirk: reg 0x14: [io  0x03f6]
[   31.809045] pci 0000:00:01.1: legacy IDE quirk: reg 0x18: [io  0x0170-0x0177]
[   31.866199] pci 0000:00:01.1: legacy IDE quirk: reg 0x1c: [io  0x0376]
[   31.997960] ACPI: PCI Interrupt Link [LNKA] (IRQs 5 9 10 11) *0, disabled.
[   32.130798] ACPI: PCI Interrupt Link [LNKB] (IRQs 5 9 10 *11)
[   32.224154] ACPI: PCI Interrupt Link [LNKC] (IRQs 5 9 *10 11)
[   32.309340] ACPI: PCI Interrupt Link [LNKD] (IRQs 5 *9 10 11)
[   32.411997] ACPI: Enabled 2 GPEs in block 00 to 07
[   32.473859] vgaarb: setting as boot device: PCI:0000:00:02.0
[   32.581800] vgaarb: device added: PCI:0000:00:02.0,decodes=io+mem,owns=io+mem,locks=none
[   32.714164] vgaarb: loaded
[   32.763152] vgaarb: bridge control possible 0000:00:02.0
[   32.833430] SCSI subsystem initialized
[   32.881266] ACPI: bus type USB registered
[   32.907929] usbcore: registered new interface driver usbfs
[   32.999579] usbcore: registered new interface driver hub
[   33.099989] usbcore: registered new device driver usb
[   33.175317] PCI: Using ACPI for IRQ routing
[   33.235673] NetLabel: Initializing
[   33.291326] NetLabel:  domain hash size = 128
[   33.358901] NetLabel:  protocols = UNLABELED CIPSOv4
[   33.452823] NetLabel:  unlabeled traffic allowed by default
[   33.544434] amd_nb: Cannot enumerate AMD northbridges
[   33.612228] clocksource: Switched to clocksource kvm-clock
[   .772 AArr: AppArmor ilysm abd
[ 34906]npPnAC it  4.45] p:nPCP fnd 3deic
[   35.089831] clocksource: acpi_pm: mask: 0xffffff max_cycles: 0xffffff, max_idle_ns: 2085701024 ns
[   35.096311] NET: Registered protocol family 2
[   35.225532] TCP established hash table entries: 8192 (order: 4, 65536 bytes)
[   35.398429] TCP bind hash table entries: 8192 (order: 5, 131072 bytes)
[   35.571057] TCP: Hash tables configured (established 8192 bind 8192)
[   35.723195] UDP hash table entries: 512 (order: 2, 16384 bytes)
[   35.862925] UDP-Lite hash table entries: 512 (order: 2, 16384 bytes)
[   36.068344] NET: Registered protocol family 1
[   36.137786] pci 0000:00:00.0: Limiting direct PCI/PCI transfers
[   36.156505] pci 0000:00:01.0: Activating ISA DMA hang workarounds
[   36.193019] Trying to unpack rootfs image as initramfs...
[   37499]Freengnid mo: 840K (fff803c40 ff8837a0)  8.90] laorrtcmos: restreplfo RC vi ( P dicfod)[ 395823Scni f l mmorycouponve 6send
[ 40341]scReneTSclksrc cibtin: 243.63 MH

[   41.350]losocets mk:xffffffff x_cl: 237827 m_ile_ns: 4479159 
ÿ[  4136396 fexastae trs:51(oer3,27 bes

[   41.036421] audit: initializing netlink subsys (disabled)
[   41.036434] audit: type=2000 audit(1489464282.416:1): initialized
[   41.036673] Initialise system trusted keyring
[   41.036771] HugeTLB registered 2 MB page size, pre-allocated 0 pages
[   41.038028] zbud: loaded
[   41.038181] VFS: Disk quotas dquot_6.6.0
[   41.038209] VFS: Dquot-cache hash table entries: 512 (order 0, 4096 bytes)
[   41.038428] squashfs: version 4.0 (2009/01/31) Phillip Lougher
[   41.038633] fuse init (API version 7.23)
[   41.038742] Key type big_key registered
[   41.038754] Allocating IMA MOK and blacklist keyrings.
[   41.038925] Key type asymmetric registered
[   41.038931] Asymmetric key parser 'x509' registered
[   41.038962] Block layer SCSI generic (bsg) driver version 0.4 loaded (major 249)
[   41.038980] io scheduler noop registered
[   41.038982] io scheduler deadline registered (default)
[   41.039006] io scheduler cfq registered
[   41.039093] pci_hotplug: PCI Hot Plug PCI Core version: 0.5
[   41.039099] pciehp: PCI Express Hot Plug Controller Driver version: 0.4
[   41.039437] ACPI: AC Adapter [AC] (on-line)
[   41.039499] input: Power Button as /devices/LNXSYSTM:00/LNXPWRBN:00/input/input0
[   41.039502] ACPI: Power Button [PWRF]
[   41.039560] input: Sleep Button as /devices/LNXSYSTM:00/LNXSLPBN:00/input/input1
[   41.039561] ACPI: Sleep Button [SLPF]
[   41.039679] GHES: HEST is not enabled!
[   41.039769] Serial: 8250/16550 driver, 32 ports, IRQ sharing enabled
[   42.178816] 00:02: ttyS0 at I/O 0x3f8 (irq = 4, base_baud = 115200) is a 16550A
[   42.874942] Linux agpgart interface v0.103
[   43.025209] ACPI: Battery Slot [BAT0] (battery present)
[   43.224997] brd: module loaded
[   43.225630] loop: module loaded
[   43.226046] scsi host0: ata_piix
[   43.226088] scsi host1: ata_piix
[   43.226109] ata1: PATA max UDMA/33 cmd 0x1f0 ctl 0x3f6 bmdma 0xd000 irq 14
[   43.226110] ata2: PATA max UDMA/33 cmd 0x170 ctl 0x376 bmdma 0xd008 irq 15
[   43.226170] libphy: Fixed MDIO Bus: probed
[   43.226171] tun: Universal TUN/TAP device driver, 1.6
[   43.226172] tun: (C) 1999-2004 Max Krasnyansky <maxk@qualcomm.com>
[   43.226431] PPP generic driver version 2.4.2
[   43.226486] ehci_hcd: USB 2.0 'Enhanced' Host Controller (EHCI) Driver
[   43.226489] ehci-pci: EHCI PCI platform driver
[   43.226503] ehci-platform: EHCI generic platform driver
[   43.226509] ohci_hcd: USB 1.1 'Open' Host Controller (OHCI) Driver
[   43.226512] ohci-pci: OHCI PCI platform driver
[   43.226517] ohci-platform: OHCI generic platform driver
[   43.226523] uhci_hcd: USB Universal Host Controller Interface driver
[   43.226589] i8042: PNP: PS/2 Controller [PNP0303:PS2K,PNP0f03:PS2M] at 0x60,0x64 irq 1,12
[   43.317317] serio: i8042 KBD port at 0x60,0x64 irq 1
[   43.317324] serio: i8042 AUX port at 0x60,0x64 irq 12
[   43.317467] mousedev: PS/2 mouse device common for all mice
[   43.317790] rtc_cmos rtc_cmos: rtc core: registered rtc_cmos as rtc0
[   43.317968] rtc_cmos rtc_cmos: alarms up to one day, 114 bytes nvram
[   43.317975] i2c /dev entries driver
[   43.318043] device-mapper: uevent: version 1.0.3
[   43.318091] device-mapper: ioctl: 4.34.0-ioctl (2015-10-28) initialised: dm-devel@redhat.com
[   43.318114] ledtrig-cpu: registered to indicate activity on CPUs
[   43.318431] NET: Registered protocol family 10
[   43.318571] NET: Registered protocol family 17
[   43.318578] Key type dns_resolver registered
[   43.515147] microcode: CPU0 sig=0x40661, pf=0x40, revision=0x0
[   43.515172] microcode: CPU1 sig=0x40661, pf=0x40, revision=0x0
[   43.515262] microcode: Microcode Update Driver: v2.01 <tigran@aivazian.fsnet.co.uk>, Peter Oruba
[   43.515370] registered taskstats version 1
[   43.515382] Loading compiled-in X.509 certificates
[   43.515931] Loaded X.509 cert 'Build time autogenerated kernel key: 11f495fa9f4186f263f5fd144a167c99990e2f12'
[   43.515946] zswap: loaded using pool lzo/zbud
[   43.517299] Key type trusted registered
[   43.519168] Key type encrypted registered
[   43.519172] AppArmor: AppArmor sha1 policy hashing enabled
[   43.519175] ima: No TPM chip found, activating TPM-bypass!
[   43.519190] evm: HMAC attrs: 0x1
[   43.519449]   Magic number: 9:965:59
[   43.568085] rtc_cmos rtc_cmos: setting system clock to 2017-03-14 04:05:13 UTC (1489464313)
[   43.568226] BIOS EDD facility v0.16 2004-Jun-25, 0 devices found
[   43.568226] EDD information not available.
[   44.000778] input: AT Translated Set 2 keyboard as /devices/platform/i8042/serio0/input/input2
[   49.872792] Freeing unused kernel memory: 1488K (ffffffff81f45000 - ffffffff820b9000)
[   50.054519] Write protecting the kernel read-only data: 14336k
[   50.183585] Freeing unused kernel memory: 1776K (ffff880001844000 - ffff880001a00000)
[   50.255729] Freeing unused kernel memory: 116K (ffff880001de3000 - ffff880001e00000)
Loading, please [   50.294222] random: systemd-udevd: uninitialized urandom read (16 bytes read, 4 bits of entropy available)
wait...
startin[   50.294754] random: udevadm: uninitialized urandom read (16 bytes read, 4 bits of entropy available)
g version 229
[   50.294791] random: udevadm: uninitialized urandom read (16 bytes read, 4 bits of entropy available)
[   50.294877] random: udevadm: uninitialized urandom read (16 bytes read, 4 bits of entropy available)
[   50.294907] random: udevadm: uninitialized urandom read (16 bytes read, 4 bits of entropy available)
[   50.294935] random: udevadm: uninitialized urandom read (16 bytes read, 4 bits of entropy available)
[   50.294967] random: udevadm: uninitialized urandom read (16 bytes read, 4 bits of entropy available)
[   50.294994] random: udevadm: uninitialized urandom read (16 bytes read, 4 bits of entropy available)
[   50.295022] random: udevadm: uninitialized urandom read (16 bytes read, 4 bits of entropy available)
[   50.295050] random: udevadm: uninitialized urandom read (16 bytes read, 4 bits of entropy available)
[   52.411630] e1000: Intel(R) PRO/1000 Network Driver - version 7.3.21-k8-NAPI
[   52.523966] e1000: Copyright (c) 1999-2006 Intel Corporation.
[   52.630854] Fusion MPT base driver 3.04.20
[   52.731331] Copyright (c) 1999-2008 LSI Corporation
[   52.819371] Fusion MPT SPI Host driver 3.04.20
[   52.922311] AVX version of gcm_enc/dec engaged.
[   52.994077] AES CTR mode by8 optimization enabled
[   53.069204] input: ImExPS/2 Generic Explorer Mouse as /devices/platform/i8042/serio1/input/input4
[   53.285165] e1000 0000:00:03.0 eth0: (PCI:33MHz:32-bit) 02:9a:e7:4d:41:74
[   53.404969] e1000 0000:00:03.0 eth0: Intel(R) PRO/1000 Network Connection
[   53.896703] e1000 0000:00:08.0 eth1: (PCI:33MHz:32-bit) 08:00:27:15:cb:fd
[   54.051655] e1000 0000:00:08.0 eth1: Intel(R) PRO/1000 Network Connection
[   54.186691] e1000 0000:00:08.0 enp0s8: renamed from eth1
[   54.260874] mptbase: ioc0: Initiating bringup
[   54.361102] e1000 0000:00:03.0 enp0s3: renamed from eth0
[   54.401162] ioc0: LSI53C1030 A0: Capabilities={Initiator}
[   54.567111] scsi host2: ioc0: LSI53C1030 A0, FwRev=00000000h, Ports=1, MaxQ=256, IRQ=20
[   54.682091] scsi 2:0:0:0: Direct-Access     VBOX     HARDDISK         1.0  PQ: 0 ANSI: 5
[   54.682096] scsi target2:0:0: Beginning Domain Validation
[   54.683599] scsi target2:0:0: Domain Validation skipping write tests
[   54.683600] scsi target2:0:0: Ending Domain Validation
[   54.683634] scsi target2:0:0: asynchronous
[   54.683870] scsi 2:0:1:0: Direct-Access     VBOX     HARDDISK         1.0  PQ: 0 ANSI: 5
[   54.683873] scsi target2:0:1: Beginning Domain Validation
[   54.684504] scsi target2:0:1: Domain Validation skipping write tests
[   54.684505] scsi target2:0:1: Ending Domain Validation
[   54.684537] scsi target2:0:1: asynchronous
[   55.733219] floppy0: no floppy controllers found
[   55.733258] work still pending
[   56.299206] sd 2:0:0:0: Attached scsi generic sg0 type 0
[   56.300319] sd 2:0:0:0: [sda] 20971520 512-byte logical blocks: (10.7 GB/10.0 GiB)
[   56.352607] sd 2:0:1:0: Attached scsi generic sg1 type 0
[   56.353647] sd 2:0:0:0: [sda] Write Protect is off
[   56.353882] sd 2:0:0:0: [sda] Incomplete mode parameter data
[   56.353883] sd 2:0:0:0: [sda] Assuming drive cache: write through
[   56.465347] sd 2:0:1:0: [sdb] 20480 512-byte logical blocks: (10.5 MB/10.0 MiB)
[   56.465651] sd 2:0:1:0: [sdb] Write Protect is off
[   56.465867] sd 2:0:1:0: [sdb] Incomplete mode parameter data
[   56.465868] sd 2:0:1:0: [sdb] Assuming drive cache: write through
[   56.466658]  sda: sda1
[   56.468044] sd 2:0:0:0: [sda] Attached SCSI disk
[   56.468292] sd 2:0:1:0: [sdb] Attached SCSI disk
Begin: Loading e[   58.679777] md: linear personality registered for level -1
ssential drivers[   58.795846] md: multipath personality registered for level -4
 ... [   58.912590] md: raid0 personality registered for level 0
[   59.017903] md: raid1 personality registered for level 1
[   59.156803] raid6: sse2x1   gen()  8749 MB/s
[   59.317090] raid6: sse2x1   xor()  7572 MB/s
[   59.504318] raid6: sse2x2   gen() 13188 MB/s
[   59.680656] raid6: sse2x2   xor()  8794 MB/s
[   59.880665] raid6: sse2x4   gen() 15072 MB/s
[   60.076814] raid6: sse2x4   xor()  9648 MB/s
[   60.201659] raid6: using algorithm sse2x4 gen() 15072 MB/s
[   60.383108] raid6: .... xor() 9648 MB/s, rmw enabled
[   60.542014] raid6: using ssse3x2 recovery algorithm
[   60.694585] xor: automatically using best checksumming function:
[   60.844732]    avx       : 21066.000 MB/sec
[   60.939402] async_tx: api initialized (async)
[   61.099281] md: raid6 personality registered for level 6
[   61.281001] md: raid5 personality registered for level 5
[   61.420928] md: raid4 personality registered for level 4
[   61.567103] md: raid10 personality registered for level 10
done.
Begin: Running /scripts/init-premount ... done[   61.698352] Btrfs loaded
.
Begin: Mounting root file system ... Begin: R[   61.788846] EXT4-fs (sda1): mounted filesystem with ordered data mode. Opts: (null)
unning /scripts/local-top ... done.
Begin: Running /scripts/local-premount ... Scanning for Btrfs filesystems
done.
Warning: fsck not present, so skipping root file system
done.
Begin: Running /scripts/local-bottom ... done.
Begin: Running /scripts/init-bottom ... done.
[   61.909002] systemd[1]: systemd 229 running in system mode. (+PAM +AUDIT +SELINUX +IMA +APPARMOR +SMACK +SYSVINIT +UTMP +LIBCRYPTSETUP +GCRYPT +GNUTLS +ACL +XZ -LZ4 +SECCOMP +BLKID +ELFUTILS +KMOD -IDN)
[   62.419265] systemd[1]: Detected virtualization oracle.
[   62.512589] systemd[1]: Detected architecture x86-64.

Welcome to [1mUbuntu 16.04.2 LTS[0m!

[ 62618]ysemd[1]:etosna t<unt.[ 63903] systemd[1]: InitlingacneID fr rdogerar.
[   63831697 ste[1]: Istletrsit tcacned le

[   64.553636] systemd[1]: Listening on Device-mapper event daemon FIFOs.
[[0;32m  OK  [0m] Listening on Device-mapper event daemon FIFOs.
[ 644895] ste[1: Reahedart sean Goup meoops

[[0;32m  OK  [0m] Reached target User and Group Name Lookups.
[ 6557231] sted[: eaed sle er andSeio Sice.
[[0;32m  OK  [0m] Created slice User and Session Slice.
[   60497syem1]Crte slie st Sic.
[[0;32m  OK  [0m] Created slice System Slice.
[ 66.601139] sysem1]Lienngon udv ntol Sockt.
[[0;32m  OK  [0m] Listening on udev Control Socket.
[ 67283]ysmd1]: Listengn ev Keeloct.
[[0;32m  OK  [0m] Listening on udev Kernel Socket.
[   7.817105] ysmd]: Lstinonoualud Ske
[[0;32m  OK  [0m] Listening on Journal Audit Socket.
[   .502 stem1]Litening n evnitctCoatily med ip
[[0;32m  OK  [0m] Listening on /dev/initctl Compatibility Named Pipe.
[ 69.3597syemd[: acd aret Swa.
[[0;32m  OK  [0m] Reached target Swap.
[  68450 sysem1]StteFoarPawo Requests o alDictorWach

[[0;32m  OK  [0m] Started Forward Password Requests to Wall Directory Watch.
[ 70.748764] systemd[1]: Listening on Syslog Socket.

[[0;32m  OK  [0m] Listening on Syslog Socket.
[   70.794832] systemd[1]: Set up automount Arbitrary Executable File Formats File System Automount Point.
[[0;32m  OK  [0m] Set up automount Arbitrary Executab...ats File System Automount Point.
[ 71097]syem1]Lieng on LM2etat daen ck.
[[0;32m  OK  [0m] Listening on LVM2 metadata daemon socket.
[ 7173357]syem1]: acd rg Eryedoles

[[0;32m  OK  [0m] Reached target Encrypted Volumes.
[   2.687] systemd[1] Ltengn M2ol daem ske.
[[0;32m  OK  [0m] Listening on LVM2 poll daemon socket.
[ 73412]systemd1]RehetageSles

[[0;32m  OK  [0m] Reached target Slices.
[ 73819]ysmd]: Lisni o JournaSoet

[[0;32m  OK  [0m] Listening on Journal Socket.
[   74.177195] systemd[1]: Starting Monitoring of LVM2 mirrors, snapshots etc. using dmeventd or progress polling...
[   74.376598] random: nonblocking pool is initialized
         Starting Monitoring of LVM2 mirrors... dmeventd or progress polling...
[   74.529160] systemd[1]: Starting Load Kernel Modules...
         Startin[   74.709558] Loading iSCSI transport class v2.0-870.
g Load Kernel Mo[   74.854378] iscsi: registered transport (tcp)
dules...
[   75.021010] iscsi: registered transport (iser)
[   75.156831] systemd[1]: Mounting Huge Pages File System...
         Mounting Huge Pages File System...
[   75.377150] systemd[1]: Starting Remount Root and Kernel File Systems...
[   75.379859] EXT4-fs (sda1): re-mounted. Opts: (null)
         Starting Remount Root and Kernel File Systems...
[   75.848867] systemd[1]: Starting Set console keymap...
         Starting Set console keymap...
[   76.068741] systemd[1]: Starting Uncomplicated firewall...
         Starting Uncomplicated firewall...
[   76.309024] systemd[1]: Starting Create list of required static device nodes for the current kernel...
         Starting Create list of required st... nodes for the current kernel...
[   76.701099] systemd[1]: Mounting POSIX Message Queue File System...
         Mounting POSIX Message Queue File System...
[   76.926034] systemd[1]: Listening on Journal Socket (/dev/log).
[[0;32m  OK  [0m] Listening on Journal Socket (/dev/log).
[   77.148895] systemd[1]: Starting Journal Service...
         Starting Journal Service...
[   77.333045] systemd[1]: Starting Nameserver information manager...
         Starting Nameserver information manager...
[   77.575340] systemd[1]: Mounting Debug File System...
         Mounting Debug File System...
[   77.781056] systemd[1]: Created slice system-serial\x2dgetty.slice.
[[0;32m  OK  [0m] Created slice system-serial\x2dgetty.slice.
[   78.033798] systemd[1]: Mounted Huge Pages File System.
[[0;32m  OK  [0m] Mounted Huge Pages File System.
[   78.316769] systemd[1]: Mounted POSIX Message Queue File System.
[[0;32m  OK  [0m] Mounted POSIX Message Queue File System.
[   78.548890] systemd[1]: Mounted Debug File System.
[[0;32m  OK  [0m] Mounted Debug File System.
[   78.733178] systemd[1]: Started Journal Service.
[[0;32m  OK  [0m] Started Journal Service.
[[0;32m  OK  [0m] Started Load Kernel Modules.
[[0;32m  OK  [0m] Started Remount Root and Kernel File Systems.
[[0;32m  OK  [0m] Started Set console keymap.
[[0;32m  OK  [0m] Started Uncomplicated firewall.
[[0;32m  OK  [0m] Started Create list of required sta...ce nodes for the current kernel.
[[0;32m  OK  [0m] Started Nameserver information manager.
[[0;32m  OK  [0m] Started LVM2 metadata daemon.
         Starting Create Static Device Nodes in /dev...
         Starting Load/Save Random Seed...
         Starting Initial cloud-init job (pre-networking)...
         Starting udev Coldplug all Devices...
         Mounting FUSE Control File System...
         Starting Apply Kernel Variables...
         Starting Flush Journal to Persistent Storage...
[[0;32m  OK  [0m] Mounted FUSE Control File System.
[[0;32m  OK  [0m] Started Create Static Device Nodes in /dev.
[[0;32m  OK  [0m] Started Load/Save Random Seed.
[[0;32m  OK  [0m] Started Apply Kernel Variables.
[[0;32m  OK  [0m] Started udev Coldplug all Devices.
[[0;32m  OK  [0m] Started Flush Journal to Persistent Storage.
         Starting udev Kernel Device Manager...
[[0;32m  OK  [0m] Started udev Kernel Device Manager.
[[0;32m  OK  [0m] Started Dispatch Password Requests to Console Directory Watch.
[[0;32m  OK  [0m] Found device /dev/ttyS0.
[[0;32m  OK  [0m] Started Monitoring of LVM2 mirrors,...ng dmeventd or progress polling.
[[0;32m  OK  [0m] Reached target Local File Systems (Pre).
[[0;32m  OK  [0m] Reached target Local File Systems.
         Starting Commit a transient machine-id on disk...
         Starting Set console font and keymap...
